0 info it worked if it ends with ok
1 verbose cli [ 'C:\\Program Files\\nodejs\\node.exe',
1 verbose cli   'C:\\Users\\Rizki D Prast DVM\\AppData\\Roaming\\npm\\node_modules\\npm\\bin\\npm-cli.js',
1 verbose cli   'start' ]
2 info using npm@4.1.2
3 info using node@v7.4.0
4 verbose run-script [ 'prestart', 'start', 'poststart' ]
5 info lifecycle server1@1.0.0~prestart: server1@1.0.0
6 silly lifecycle server1@1.0.0~prestart: no script for prestart, continuing
7 info lifecycle server1@1.0.0~start: server1@1.0.0
8 verbose lifecycle server1@1.0.0~start: unsafe-perm in lifecycle true
9 verbose lifecycle server1@1.0.0~start: PATH: C:\Users\Rizki D Prast DVM\AppData\Roaming\npm\node_modules\npm\bin\node-gyp-bin;e:\Projects\server1\node_modules\.bin;C:\Python27\;C:\Python27\Scripts;C:\Program Files (x86)\PHP\v5.6;C:\ProgramData\Oracle\Java\javapath;C:\Windows\system32;C:\Windows;C:\Windows\System32\Wbem;C:\Windows\System32\WindowsPowerShell\v1.0\;C:\Program Files (x86)\ATI Technologies\ATI.ACE\Core-Static;c:\Program Files\Microsoft SQL Server\110\Tools\Binn\;c:\Program Files (x86)\Microsoft SQL Server\110\Tools\Binn\ManagementStudio\;c:\Program Files (x86)\Microsoft SQL Server\110\Tools\Binn\;c:\Program Files (x86)\Microsoft SQL Server\110\DTS\Binn\;C:\Program Files (x86)\Microsoft ASP.NET\ASP.NET Web Pages\v1.0\;C:\Program Files (x86)\Windows Kits\8.0\Windows Performance Toolkit\;c:\Program Files\Microsoft SQL Server\110\DTS\Binn\;C:\Program Files\Microsoft\Web Platform Installer\;C:\Users\Rizki D Prast DVM\AppData\Roaming\npm;C:\Program Files (x86)\Git\cmd;C:\Program Files (x86)\Brackets\command;C:\Program Files (x86)\Windows Live\Shared;C:\Program Files (x86)\QuickTime\QTSystem\;C:\Program Files (x86)\Microsoft SDKs\T;C:\Program Files\nodejs\;C:\Program Files\MongoDB\Server\3.4\bin
10 verbose lifecycle server1@1.0.0~start: CWD: e:\Projects\server1
11 silly lifecycle server1@1.0.0~start: Args: [ '/d /s /c', 'node server.js' ]
12 silly lifecycle server1@1.0.0~start: Returned: code: 1  signal: null
13 info lifecycle server1@1.0.0~start: Failed to exec start script
14 verbose stack Error: server1@1.0.0 start: `node server.js`
14 verbose stack Exit status 1
14 verbose stack     at EventEmitter.<anonymous> (C:\Users\Rizki D Prast DVM\AppData\Roaming\npm\node_modules\npm\lib\utils\lifecycle.js:279:16)
14 verbose stack     at emitTwo (events.js:106:13)
14 verbose stack     at EventEmitter.emit (events.js:191:7)
14 verbose stack     at ChildProcess.<anonymous> (C:\Users\Rizki D Prast DVM\AppData\Roaming\npm\node_modules\npm\lib\utils\spawn.js:40:14)
14 verbose stack     at emitTwo (events.js:106:13)
14 verbose stack     at ChildProcess.emit (events.js:191:7)
14 verbose stack     at maybeClose (internal/child_process.js:885:16)
14 verbose stack     at Process.ChildProcess._handle.onexit (internal/child_process.js:226:5)
15 verbose pkgid server1@1.0.0
16 verbose cwd e:\Projects\server1
17 error Windows_NT 6.3.9600
18 error argv "C:\\Program Files\\nodejs\\node.exe" "C:\\Users\\Rizki D Prast DVM\\AppData\\Roaming\\npm\\node_modules\\npm\\bin\\npm-cli.js" "start"
19 error node v7.4.0
20 error npm  v4.1.2
21 error code ELIFECYCLE
22 error server1@1.0.0 start: `node server.js`
22 error Exit status 1
23 error Failed at the server1@1.0.0 start script 'node server.js'.
23 error Make sure you have the latest version of node.js and npm installed.
23 error If you do, this is most likely a problem with the server1 package,
23 error not with npm itself.
23 error Tell the author that this fails on your system:
23 error     node server.js
23 error You can get information on how to open an issue for this project with:
23 error     npm bugs server1
23 error Or if that isn't available, you can get their info via:
23 error     npm owner ls server1
23 error There is likely additional logging output above.
24 verbose exit [ 1, true ]
